<?xml version="1.0" encoding="UTF-8"?>
<!-- Generated by org.testng.reporters.JUnitReportReporter -->
<testsuite hostname="DESKTOP-HDB50OV" failures="0" tests="1" name="TestNgPractice.TestAnnotations" time="0.002" errors="0" timestamp="2024-04-21T14:39:23 SGT" skipped="0">
  <testcase classname="TestNgPractice.TestAnnotations" name="Login" time="0.002"/>
</testsuite> <!-- TestNgPractice.TestAnnotations -->
