<?xml version="1.0" encoding="UTF-8"?>
<!-- Generated by org.testng.reporters.JUnitReportReporter -->
<testsuite hostname="DESKTOP-HDB50OV" failures="0" tests="2" name="TestNgPractice.TestAnnotations3" time="0.004" errors="0" timestamp="2024-04-20T16:36:34 SGT" skipped="0">
  <testcase classname="TestNgPractice.TestAnnotations3" name="LoggedIn" time="0.003"/>
  <testcase classname="TestNgPractice.TestAnnotations3" name="AddtoCart" time="0.001"/>
</testsuite> <!-- TestNgPractice.TestAnnotations3 -->
