<?xml version="1.0" encoding="UTF-8"?>
<!-- Generated by org.testng.reporters.JUnitReportReporter -->
<testsuite hostname="DESKTOP-HDB50OV" failures="0" tests="1" name="POGOClasses.GetCoursesTest" time="3.729" errors="0" timestamp="2025-01-11T14:21:57 SGT" skipped="0">
  <testcase classname="POGOClasses.GetCoursesTest" name="GetCoursesDetailsTests" time="3.729"/>
</testsuite> <!-- POGOClasses.GetCoursesTest -->
