<?xml version="1.0" encoding="UTF-8"?>
<!-- Generated by org.testng.reporters.JUnitReportReporter -->
<testsuite hostname="DESKTOP-HDB50OV" failures="0" tests="1" name="Fullflow_Practice.EndtoEndApisAutomation" time="5.892" errors="0" timestamp="2025-01-11T15:17:50 SGT" skipped="0">
  <testcase classname="Fullflow_Practice.EndtoEndApisAutomation" name="LoginAuthToken" time="5.892"/>
</testsuite> <!-- Fullflow_Practice.EndtoEndApisAutomation -->
