<?xml version="1.0" encoding="UTF-8"?>
<!-- Generated by org.testng.reporters.JUnitReportReporter -->
<testsuite hostname="DESKTOP-HDB50OV" failures="0" tests="1" name="APItests.SumValidation" time="1.640" errors="0" timestamp="2025-01-04T17:03:04 SGT" skipped="0">
  <testcase classname="APItests.SumValidation" name="sumValidation" time="1.640"/>
</testsuite> <!-- APItests.SumValidation -->
