<?xml version="1.0" encoding="UTF-8"?>
<!-- Generated by org.testng.reporters.JUnitReportReporter -->
<testsuite hostname="DESKTOP-HDB50OV" failures="0" tests="1" name="APItests.PassingAPIFiles" time="2.541" errors="0" timestamp="2025-01-04T19:40:31 SGT" skipped="0">
  <testcase classname="APItests.PassingAPIFiles" name="APIFiles" time="2.541"/>
</testsuite> <!-- APItests.PassingAPIFiles -->
