<?xml version="1.0" encoding="UTF-8"?>
<!-- Generated by org.testng.reporters.JUnitReportReporter -->
<testsuite hostname="DESKTOP-HDB50OV" failures="0" tests="1" name="APItests.Oauth2" time="2.626" errors="0" timestamp="2025-01-05T13:17:32 SGT" skipped="0">
  <testcase classname="APItests.Oauth2" name="GetAccessToken" time="2.626"/>
</testsuite> <!-- APItests.Oauth2 -->
