<?xml version="1.0" encoding="UTF-8"?>
<!-- Generated by org.testng.reporters.JUnitReportReporter -->
<testsuite hostname="DESKTOP-HDB50OV" failures="0" tests="1" name="Fullflow_Practice.LoginApi" time="2.994" errors="0" timestamp="2025-01-11T13:29:14 SGT" skipped="0">
  <testcase classname="Fullflow_Practice.LoginApi" name="LoginAuthToken" time="2.994"/>
</testsuite> <!-- Fullflow_Practice.LoginApi -->
