<?xml version="1.0" encoding="UTF-8"?>
<!-- Generated by org.testng.reporters.JUnitReportReporter -->
<testsuite hostname="DESKTOP-HDB50OV" failures="0" tests="6" name="APItests.DynamicLibraryAPI" time="3.831" errors="0" timestamp="2025-01-04T19:14:15 SGT" skipped="0">
  <testcase classname="APItests.DynamicLibraryAPI" name="DynamicApi" time="0.287"/>
  <testcase classname="APItests.DynamicLibraryAPI" name="DynamicApi" time="1.892"/>
  <testcase classname="APItests.DynamicLibraryAPI" name="DynamicApi" time="0.443"/>
  <testcase classname="APItests.DynamicLibraryAPI" name="deleteBooks" time="0.300"/>
  <testcase classname="APItests.DynamicLibraryAPI" name="deleteBooks" time="0.507"/>
  <testcase classname="APItests.DynamicLibraryAPI" name="deleteBooks" time="0.402"/>
</testsuite> <!-- APItests.DynamicLibraryAPI -->
