<?xml version="1.0" encoding="UTF-8"?>
<!-- Generated by org.testng.reporters.JUnitReportReporter -->
<testsuite hostname="DESKTOP-HDB50OV" failures="0" tests="1" name="APItests.JiraAPI" time="5.266" errors="0" timestamp="2025-01-04T22:57:31 SGT" skipped="0">
  <testcase classname="APItests.JiraAPI" name="BugTest" time="5.266"/>
</testsuite> <!-- APItests.JiraAPI -->
