<?xml version="1.0" encoding="UTF-8"?>
<!-- Generated by org.testng.reporters.JUnitReportReporter -->
<testsuite hostname="DESKTOP-HDB50OV" failures="0" tests="1" name="POGOClasses.GetCoursesTest" time="2.896" errors="0" timestamp="2025-01-05T16:18:06 SGT" skipped="0">
  <testcase classname="POGOClasses.GetCoursesTest" name="GetCoursesDetailsTests" time="2.896"/>
</testsuite> <!-- POGOClasses.GetCoursesTest -->
