<?xml version="1.0" encoding="UTF-8"?>
<!-- Generated by org.testng.reporters.JUnitReportReporter -->
<testsuite hostname="DESKTOP-HDB50OV" failures="0" tests="1" name="POGOClasses.SpecBuilder" time="2.268" errors="0" timestamp="2025-01-11T12:38:28 SGT" skipped="0">
  <testcase classname="POGOClasses.SpecBuilder" name="Serialization" time="2.268"/>
</testsuite> <!-- POGOClasses.SpecBuilder -->
