<?xml version="1.0" encoding="UTF-8"?>
<!-- Generated by org.testng.reporters.JUnitReportReporter -->
<testsuite hostname="DESKTOP-HDB50OV" failures="0" tests="1" name="POGOClasses.SerializationTestClass" time="2.886" errors="0" timestamp="2025-01-11T14:44:09 SGT" skipped="0">
  <testcase classname="POGOClasses.SerializationTestClass" name="Serialization" time="2.886"/>
</testsuite> <!-- POGOClasses.SerializationTestClass -->
