<?xml version="1.0" encoding="UTF-8"?>
<!-- Generated by org.testng.reporters.JUnitReportReporter -->
<testsuite hostname="DESKTOP-HDB50OV" failures="0" tests="1" name="Application.Tests.ErrorValidation" time="7.632" errors="0" timestamp="2024-05-12T14:13:35 SGT" skipped="0">
  <testcase classname="Application.Tests.ErrorValidation" name="submitOrder" time="7.632"/>
</testsuite> <!-- Application.Tests.ErrorValidation -->
