<?xml version="1.0" encoding="UTF-8"?>
<!-- Generated by org.testng.reporters.JUnitReportReporter -->
<testsuite hostname="DESKTOP-HDB50OV" failures="0" tests="2" name="Application.Tests.SubmitOrderTest" time="13.963" errors="0" timestamp="2024-12-29T15:33:42 SGT" skipped="0">
  <testcase classname="Application.Tests.SubmitOrderTest" name="submitOrder" time="8.906"/>
  <testcase classname="Application.Tests.SubmitOrderTest" name="validateOrderPage" time="5.057"/>
</testsuite> <!-- Application.Tests.SubmitOrderTest -->
