<?xml version="1.0" encoding="UTF-8"?>
<!-- Generated by org.testng.reporters.JUnitReportReporter -->
<testsuite hostname="DESKTOP-HDB50OV" failures="0" tests="2" name="Application.Tests.SubmitOrderTest" time="10.848" errors="0" timestamp="2024-05-12T16:41:30 SGT" skipped="0">
  <testcase classname="Application.Tests.SubmitOrderTest" name="submitOrder" time="6.532"/>
  <testcase classname="Application.Tests.SubmitOrderTest" name="validateOrderPage" time="4.316"/>
</testsuite> <!-- Application.Tests.SubmitOrderTest -->
