<?xml version="1.0" encoding="UTF-8"?>
<!-- Generated by org.testng.reporters.JUnitReportReporter -->
<testsuite hostname="DESKTOP-HDB50OV" failures="0" tests="1" name="Application.Tests.ErrorValidationTests" time="3.475" errors="0" timestamp="2024-05-12T16:33:56 SGT" skipped="0">
  <testcase classname="Application.Tests.ErrorValidationTests" name="submitOrder" time="3.475"/>
</testsuite> <!-- Application.Tests.ErrorValidationTests -->
