<?xml version="1.0" encoding="UTF-8"?>
<!-- Generated by org.testng.reporters.JUnitReportReporter -->
<testsuite hostname="DESKTOP-HDB50OV" failures="0" tests="1" name="Application.Tests.ErrorValidationTests" time="5.285" errors="0" timestamp="2024-12-29T15:32:12 SGT" skipped="0">
  <testcase classname="Application.Tests.ErrorValidationTests" name="submitOrder" time="5.285"/>
</testsuite> <!-- Application.Tests.ErrorValidationTests -->
